# JRE version: OpenJDK Runtime Environment Temurin-21.0.7+6 (21.0.7+6) (build 21.0.7+6-LTS)
# Java VM: OpenJDK 64-Bit Server VM Temurin-21.0.7+6 (21.0.7+6-LTS, mixed mode, sharing, tiered, compressed oops, compressed class ptrs, parallel gc, windows-amd64)
GC Precious Log:
 CardTable entry size: 512
 CPUs: 12 total, 12 available
 Memory: 7561M
 Large Page Support: Disabled
 NUMA Support: Disabled
 Compressed Oops: Enabled (32-bit)
 Alignments: Space 512K, Generation 512K, Heap 2M
 Heap Min Capacity: 100M
 Heap Initial Capacity: 100M
 Heap Max Capacity: 1G
 Pre-touch: Disabled
 Parallel Workers: 10
Heap:
 PSYoungGen      total 10752K, used 1846K [0x00000000eab00000, 0x00000000eb980000, 0x0000000100000000)
  eden space 9216K, 7% used [0x00000000eab00000,0x00000000eabb6a10,0x00000000eb400000)
  from space 1536K, 72% used [0x00000000eb400000,0x00000000eb516f70,0x00000000eb580000)
  to   space 2560K, 0% used [0x00000000eb700000,0x00000000eb700000,0x00000000eb980000)
 ParOldGen       total 436224K, used 204436K [0x00000000c0000000, 0x00000000daa00000, 0x00000000eab00000)
  object space 436224K, 46% used [0x00000000c0000000,0x00000000cc7a5260,0x00000000daa00000)
 Metaspace       used 59453K, committed 60864K, reserved 1114112K
  class space    used 6213K, committed 6848K, reserved 1048576K
GC Heap History (20 events):
Event: 26.837 GC heap before
{Heap before GC invocations=413 (full 3):
 PSYoungGen      total 14848K, used 13434K [0x00000000eab00000, 0x00000000ebd80000, 0x0000000100000000)
  eden space 12288K, 99% used [0x00000000eab00000,0x00000000eb6fea40,0x00000000eb700000)
  from space 2560K, 45% used [0x00000000eb900000,0x00000000eba20000,0x00000000ebb80000)
  to   space 1536K, 0% used [0x00000000ebc00000,0x00000000ebc00000,0x00000000ebd80000)
 ParOldGen       total 436224K, used 189473K [0x00000000c0000000, 0x00000000daa00000, 0x00000000eab00000)
  object space 436224K, 43% used [0x00000000c0000000,0x00000000cb908658,0x00000000daa00000)
 Metaspace       used 58934K, committed 60416K, reserved 1114112K
  class space    used 6167K, committed 6848K, reserved 1048576K
}
Event: 26.839 GC heap after
{Heap after GC invocations=413 (full 3):
 PSYoungGen      total 13824K, used 1152K [0x00000000eab00000, 0x00000000ebd80000, 0x0000000100000000)
  eden space 12288K, 0% used [0x00000000eab00000,0x00000000eab00000,0x00000000eb700000)
  from space 1536K, 75% used [0x00000000ebc00000,0x00000000ebd20000,0x00000000ebd80000)
  to   space 1536K, 0% used [0x00000000eba80000,0x00000000eba80000,0x00000000ebc00000)
 ParOldGen       total 436224K, used 190513K [0x00000000c0000000, 0x00000000daa00000, 0x00000000eab00000)
  object space 436224K, 43% used [0x00000000c0000000,0x00000000cba0c658,0x00000000daa00000)
 Metaspace       used 58934K, committed 60416K, reserved 1114112K
  class space    used 6167K, committed 6848K, reserved 1048576K
}
Event: 26.877 GC heap before
{Heap before GC invocations=414 (full 3):
 PSYoungGen      total 13824K, used 13440K [0x00000000eab00000, 0x00000000ebd80000, 0x0000000100000000)
  eden space 12288K, 100% used [0x00000000eab00000,0x00000000eb700000,0x00000000eb700000)
  from space 1536K, 75% used [0x00000000ebc00000,0x00000000ebd20000,0x00000000ebd80000)
  to   space 1536K, 0% used [0x00000000eba80000,0x00000000eba80000,0x00000000ebc00000)
 ParOldGen       total 436224K, used 190513K [0x00000000c0000000, 0x00000000daa00000, 0x00000000eab00000)
  object space 436224K, 43% used [0x00000000c0000000,0x00000000cba0c658,0x00000000daa00000)
 Metaspace       used 58934K, committed 60416K, reserved 1114112K
  class space    used 6167K, committed 6848K, reserved 1048576K
}
Event: 26.879 GC heap after
{Heap after GC invocations=414 (full 3):
 PSYoungGen      total 13824K, used 1174K [0x00000000eab00000, 0x00000000ebc80000, 0x0000000100000000)
  eden space 12288K, 0% used [0x00000000eab00000,0x00000000eab00000,0x00000000eb700000)
  from space 1536K, 76% used [0x00000000eba80000,0x00000000ebba5810,0x00000000ebc00000)
  to   space 512K, 0% used [0x00000000ebc00000,0x00000000ebc00000,0x00000000ebc80000)
 ParOldGen       total 436224K, used 191489K [0x00000000c0000000, 0x00000000daa00000, 0x00000000eab00000)
  object space 436224K, 43% used [0x00000000c0000000,0x00000000cbb00658,0x00000000daa00000)
 Metaspace       used 58934K, committed 60416K, reserved 1114112K
  class space    used 6167K, committed 6848K, reserved 1048576K
}
Event: 26.913 GC heap before
{Heap before GC invocations=415 (full 3):
 PSYoungGen      total 13824K, used 13046K [0x00000000eab00000, 0x00000000ebc80000, 0x0000000100000000)
  eden space 12288K, 96% used [0x00000000eab00000,0x00000000eb6980b8,0x00000000eb700000)
  from space 1536K, 76% used [0x00000000eba80000,0x00000000ebba5810,0x00000000ebc00000)
  to   space 512K, 0% used [0x00000000ebc00000,0x00000000ebc00000,0x00000000ebc80000)
 ParOldGen       total 436224K, used 191489K [0x00000000c0000000, 0x00000000daa00000, 0x00000000eab00000)
  object space 436224K, 43% used [0x00000000c0000000,0x00000000cbb00658,0x00000000daa00000)
 Metaspace       used 59103K, committed 60544K, reserved 1114112K
  class space    used 6179K, committed 6848K, reserved 1048576K
}
Event: 26.914 GC heap after
{Heap after GC invocations=415 (full 3):
 PSYoungGen      total 12800K, used 512K [0x00000000eab00000, 0x00000000ebc80000, 0x0000000100000000)
  eden space 12288K, 0% used [0x00000000eab00000,0x00000000eab00000,0x00000000eb700000)
  from space 512K, 100% used [0x00000000ebc00000,0x00000000ebc80000,0x00000000ebc80000)
  to   space 2048K, 0% used [0x00000000eb880000,0x00000000eb880000,0x00000000eba80000)
 ParOldGen       total 436224K, used 192871K [0x00000000c0000000, 0x00000000daa00000, 0x00000000eab00000)
  object space 436224K, 44% used [0x00000000c0000000,0x00000000cbc59e68,0x00000000daa00000)
 Metaspace       used 59103K, committed 60544K, reserved 1114112K
  class space    used 6179K, committed 6848K, reserved 1048576K
}
Event: 26.968 GC heap before
{Heap before GC invocations=416 (full 3):
 PSYoungGen      total 12800K, used 12800K [0x00000000eab00000, 0x00000000ebc80000, 0x0000000100000000)
  eden space 12288K, 100% used [0x00000000eab00000,0x00000000eb700000,0x00000000eb700000)
  from space 512K, 100% used [0x00000000ebc00000,0x00000000ebc80000,0x00000000ebc80000)
  to   space 2048K, 0% used [0x00000000eb880000,0x00000000eb880000,0x00000000eba80000)
 ParOldGen       total 436224K, used 192871K [0x00000000c0000000, 0x00000000daa00000, 0x00000000eab00000)
  object space 436224K, 44% used [0x00000000c0000000,0x00000000cbc59e68,0x00000000daa00000)
 Metaspace       used 59369K, committed 60800K, reserved 1114112K
  class space    used 6207K, committed 6848K, reserved 1048576K
}
Event: 26.970 GC heap after
{Heap after GC invocations=416 (full 3):
 PSYoungGen      total 14336K, used 1744K [0x00000000eab00000, 0x00000000ebc80000, 0x0000000100000000)
  eden space 12288K, 0% used [0x00000000eab00000,0x00000000eab00000,0x00000000eb700000)
  from space 2048K, 85% used [0x00000000eb880000,0x00000000eba34008,0x00000000eba80000)
  to   space 2048K, 0% used [0x00000000eba80000,0x00000000eba80000,0x00000000ebc80000)
 ParOldGen       total 436224K, used 193367K [0x00000000c0000000, 0x00000000daa00000, 0x00000000eab00000)
  object space 436224K, 44% used [0x00000000c0000000,0x00000000cbcd5e78,0x00000000daa00000)
 Metaspace       used 59369K, committed 60800K, reserved 1114112K
  class space    used 6207K, committed 6848K, reserved 1048576K
}
Event: 27.001 GC heap before
{Heap before GC invocations=417 (full 3):
 PSYoungGen      total 14336K, used 14032K [0x00000000eab00000, 0x00000000ebc80000, 0x0000000100000000)
  eden space 12288K, 100% used [0x00000000eab00000,0x00000000eb700000,0x00000000eb700000)
  from space 2048K, 85% used [0x00000000eb880000,0x00000000eba34008,0x00000000eba80000)
  to   space 2048K, 0% used [0x00000000eba80000,0x00000000eba80000,0x00000000ebc80000)
 ParOldGen       total 436224K, used 193367K [0x00000000c0000000, 0x00000000daa00000, 0x00000000eab00000)
  object space 436224K, 44% used [0x00000000c0000000,0x00000000cbcd5e78,0x00000000daa00000)
 Metaspace       used 59399K, committed 60800K, reserved 1114112K
  class space    used 6210K, committed 6848K, reserved 1048576K
}
Event: 27.004 GC heap after
{Heap after GC invocations=417 (full 3):
 PSYoungGen      total 14336K, used 2028K [0x00000000eab00000, 0x00000000ebc80000, 0x0000000100000000)
  eden space 12288K, 0% used [0x00000000eab00000,0x00000000eab00000,0x00000000eb700000)
  from space 2048K, 99% used [0x00000000eba80000,0x00000000ebc7b218,0x00000000ebc80000)
  to   space 2048K, 0% used [0x00000000eb880000,0x00000000eb880000,0x00000000eba80000)
 ParOldGen       total 436224K, used 196855K [0x00000000c0000000, 0x00000000daa00000, 0x00000000eab00000)
  object space 436224K, 45% used [0x00000000c0000000,0x00000000cc03deb0,0x00000000daa00000)
 Metaspace       used 59399K, committed 60800K, reserved 1114112K
  class space    used 6210K, committed 6848K, reserved 1048576K
}
Event: 27.032 GC heap before
{Heap before GC invocations=418 (full 3):
 PSYoungGen      total 14336K, used 14316K [0x00000000eab00000, 0x00000000ebc80000, 0x0000000100000000)
  eden space 12288K, 100% used [0x00000000eab00000,0x00000000eb700000,0x00000000eb700000)
  from space 2048K, 99% used [0x00000000eba80000,0x00000000ebc7b218,0x00000000ebc80000)
  to   space 2048K, 0% used [0x00000000eb880000,0x00000000eb880000,0x00000000eba80000)
 ParOldGen       total 436224K, used 196855K [0x00000000c0000000, 0x00000000daa00000, 0x00000000eab00000)
  object space 436224K, 45% used [0x00000000c0000000,0x00000000cc03deb0,0x00000000daa00000)
 Metaspace       used 59400K, committed 60800K, reserved 1114112K
  class space    used 6210K, committed 6848K, reserved 1048576K
}
Event: 27.033 GC heap after
{Heap after GC invocations=418 (full 3):
 PSYoungGen      total 13824K, used 1088K [0x00000000eab00000, 0x00000000ebd00000, 0x0000000100000000)
  eden space 12288K, 0% used [0x00000000eab00000,0x00000000eab00000,0x00000000eb700000)
  from space 1536K, 70% used [0x00000000eb880000,0x00000000eb990020,0x00000000eba00000)
  to   space 3072K, 0% used [0x00000000eba00000,0x00000000eba00000,0x00000000ebd00000)
 ParOldGen       total 436224K, used 197767K [0x00000000c0000000, 0x00000000daa00000, 0x00000000eab00000)
  object space 436224K, 45% used [0x00000000c0000000,0x00000000cc121eb0,0x00000000daa00000)
 Metaspace       used 59400K, committed 60800K, reserved 1114112K
  class space    used 6210K, committed 6848K, reserved 1048576K
}
Event: 27.068 GC heap before
{Heap before GC invocations=419 (full 3):
 PSYoungGen      total 13824K, used 13376K [0x00000000eab00000, 0x00000000ebd00000, 0x0000000100000000)
  eden space 12288K, 100% used [0x00000000eab00000,0x00000000eb700000,0x00000000eb700000)
  from space 1536K, 70% used [0x00000000eb880000,0x00000000eb990020,0x00000000eba00000)
  to   space 3072K, 0% used [0x00000000eba00000,0x00000000eba00000,0x00000000ebd00000)
 ParOldGen       total 436224K, used 197767K [0x00000000c0000000, 0x00000000daa00000, 0x00000000eab00000)
  object space 436224K, 45% used [0x00000000c0000000,0x00000000cc121eb0,0x00000000daa00000)
 Metaspace       used 59400K, committed 60800K, reserved 1114112K
  class space    used 6210K, committed 6848K, reserved 1048576K
}
Event: 27.069 GC heap after
{Heap after GC invocations=419 (full 3):
 PSYoungGen      total 13824K, used 1179K [0x00000000eab00000, 0x00000000ebb80000, 0x0000000100000000)
  eden space 12288K, 0% used [0x00000000eab00000,0x00000000eab00000,0x00000000eb700000)
  from space 1536K, 76% used [0x00000000eba00000,0x00000000ebb26e60,0x00000000ebb80000)
  to   space 1536K, 0% used [0x00000000eb880000,0x00000000eb880000,0x00000000eba00000)
 ParOldGen       total 436224K, used 198727K [0x00000000c0000000, 0x00000000daa00000, 0x00000000eab00000)
  object space 436224K, 45% used [0x00000000c0000000,0x00000000cc211ed0,0x00000000daa00000)
 Metaspace       used 59400K, committed 60800K, reserved 1114112K
  class space    used 6210K, committed 6848K, reserved 1048576K
}
Event: 27.131 GC heap before
{Heap before GC invocations=420 (full 3):
 PSYoungGen      total 13824K, used 13467K [0x00000000eab00000, 0x00000000ebb80000, 0x0000000100000000)
  eden space 12288K, 100% used [0x00000000eab00000,0x00000000eb700000,0x00000000eb700000)
  from space 1536K, 76% used [0x00000000eba00000,0x00000000ebb26e60,0x00000000ebb80000)
  to   space 1536K, 0% used [0x00000000eb880000,0x00000000eb880000,0x00000000eba00000)
 ParOldGen       total 436224K, used 198727K [0x00000000c0000000, 0x00000000daa00000, 0x00000000eab00000)
  object space 436224K, 45% used [0x00000000c0000000,0x00000000cc211ed0,0x00000000daa00000)
 Metaspace       used 59400K, committed 60800K, reserved 1114112K
  class space    used 6210K, committed 6848K, reserved 1048576K
}
Event: 27.132 GC heap after
{Heap after GC invocations=420 (full 3):
 PSYoungGen      total 13824K, used 1242K [0x00000000eab00000, 0x00000000eba80000, 0x0000000100000000)
  eden space 12288K, 0% used [0x00000000eab00000,0x00000000eab00000,0x00000000eb700000)
  from space 1536K, 80% used [0x00000000eb880000,0x00000000eb9b6a58,0x00000000eba00000)
  to   space 512K, 0% used [0x00000000eba00000,0x00000000eba00000,0x00000000eba80000)
 ParOldGen       total 436224K, used 199695K [0x00000000c0000000, 0x00000000daa00000, 0x00000000eab00000)
  object space 436224K, 45% used [0x00000000c0000000,0x00000000cc303ed0,0x00000000daa00000)
 Metaspace       used 59400K, committed 60800K, reserved 1114112K
  class space    used 6210K, committed 6848K, reserved 1048576K
}
Event: 27.171 GC heap before
{Heap before GC invocations=421 (full 3):
 PSYoungGen      total 13824K, used 13530K [0x00000000eab00000, 0x00000000eba80000, 0x0000000100000000)
  eden space 12288K, 100% used [0x00000000eab00000,0x00000000eb700000,0x00000000eb700000)
  from space 1536K, 80% used [0x00000000eb880000,0x00000000eb9b6a58,0x00000000eba00000)
  to   space 512K, 0% used [0x00000000eba00000,0x00000000eba00000,0x00000000eba80000)
 ParOldGen       total 436224K, used 199695K [0x00000000c0000000, 0x00000000daa00000, 0x00000000eab00000)
  object space 436224K, 45% used [0x00000000c0000000,0x00000000cc303ed0,0x00000000daa00000)
 Metaspace       used 59414K, committed 60800K, reserved 1114112K
  class space    used 6213K, committed 6848K, reserved 1048576K
}
Event: 27.172 GC heap after
{Heap after GC invocations=421 (full 3):
 PSYoungGen      total 12800K, used 512K [0x00000000eab00000, 0x00000000ebc00000, 0x0000000100000000)
  eden space 12288K, 0% used [0x00000000eab00000,0x00000000eab00000,0x00000000eb700000)
  from space 512K, 100% used [0x00000000eba00000,0x00000000eba80000,0x00000000eba80000)
  to   space 2560K, 0% used [0x00000000eb700000,0x00000000eb700000,0x00000000eb980000)
 ParOldGen       total 436224K, used 201367K [0x00000000c0000000, 0x00000000daa00000, 0x00000000eab00000)
  object space 436224K, 46% used [0x00000000c0000000,0x00000000cc4a5ed0,0x00000000daa00000)
 Metaspace       used 59414K, committed 60800K, reserved 1114112K
  class space    used 6213K, committed 6848K, reserved 1048576K
}
Event: 27.222 GC heap before
{Heap before GC invocations=422 (full 3):
 PSYoungGen      total 12800K, used 12800K [0x00000000eab00000, 0x00000000ebc00000, 0x0000000100000000)
  eden space 12288K, 100% used [0x00000000eab00000,0x00000000eb700000,0x00000000eb700000)
  from space 512K, 100% used [0x00000000eba00000,0x00000000eba80000,0x00000000eba80000)
  to   space 2560K, 0% used [0x00000000eb700000,0x00000000eb700000,0x00000000eb980000)
 ParOldGen       total 436224K, used 201367K [0x00000000c0000000, 0x00000000daa00000, 0x00000000eab00000)
  object space 436224K, 46% used [0x00000000c0000000,0x00000000cc4a5ed0,0x00000000daa00000)
 Metaspace       used 59425K, committed 60864K, reserved 1114112K
  class space    used 6213K, committed 6848K, reserved 1048576K
}
Event: 27.224 GC heap after
{Heap after GC invocations=422 (full 3):
 PSYoungGen      total 13824K, used 1504K [0x00000000eab00000, 0x00000000ebb00000, 0x0000000100000000)
  eden space 12288K, 0% used [0x00000000eab00000,0x00000000eab00000,0x00000000eb700000)
  from space 1536K, 97% used [0x00000000eb700000,0x00000000eb878000,0x00000000eb880000)
  to   space 2048K, 0% used [0x00000000eb900000,0x00000000eb900000,0x00000000ebb00000)
 ParOldGen       total 436224K, used 201903K [0x00000000c0000000, 0x00000000daa00000, 0x00000000eab00000)
  object space 436224K, 46% used [0x00000000c0000000,0x00000000cc52bed0,0x00000000daa00000)
 Metaspace       used 59425K, committed 60864K, reserved 1114112K
  class space    used 6213K, committed 6848K, reserved 1048576K
}

